<?xml version="1.0" encoding="UTF-8"?>
<testsuite name="com.amazonClone.logisticSystem.domain.MemberTest" tests="1" skipped="0" failures="0" errors="0" timestamp="2021-11-28T11:43:39" hostname="DESKTOP-3782U6J" time="0.955">
  <properties/>
  <testcase name="멤버_중복_테스트()" classname="com.amazonClone.logisticSystem.domain.MemberTest" time="0.955"/>
  <system-out><![CDATA[]]></system-out>
  <system-err><![CDATA[]]></system-err>
</testsuite>
